================================
teste4 - 3
--------------------------------
 4.000000 0.000000 1.000000
 1.000000 8.000000 6.000000
 0.000000 0.000000 1.000000
--------------------------------
 4.000000 0.000000 6.000000
 0.000000 9.000000 6.000000
 5.000000 7.000000 5.000000
--------------------------------
 21.000000 7.000000 29.000000
 34.000000 114.000000 84.000000
 5.000000 7.000000 5.000000
--------------------------------
nan
================================
================================
teste4 - 3
--------------------------------
 4.000000 0.000000 1.000000
 1.000000 8.000000 6.000000
 0.000000 0.000000 1.000000
--------------------------------
 4.000000 0.000000 6.000000
 0.000000 9.000000 6.000000
 5.000000 7.000000 5.000000
--------------------------------
 21.000000 7.000000 29.000000
 34.000000 114.000000 84.000000
 5.000000 7.000000 5.000000
--------------------------------
nan
================================
================================
teste4 - 3
--------------------------------
 4.000000 0.000000 1.000000
 1.000000 8.000000 6.000000
 0.000000 0.000000 1.000000
--------------------------------
 4.000000 0.000000 6.000000
 0.000000 9.000000 6.000000
 5.000000 7.000000 5.000000
--------------------------------
 21.000000 7.000000 29.000000
 34.000000 114.000000 84.000000
 5.000000 7.000000 5.000000
--------------------------------
-8256.000000
================================
================================
teste4 - 3
--------------------------------
 4.000000 0.000000 1.000000
 1.000000 8.000000 6.000000
 0.000000 0.000000 1.000000
--------------------------------
 4.000000 0.000000 6.000000
 0.000000 9.000000 6.000000
 5.000000 7.000000 5.000000
--------------------------------
 21.000000 7.000000 29.000000
 34.000000 114.000000 84.000000
 5.000000 7.000000 5.000000
--------------------------------
-8256.000000
================================
================================
teste4 - 3
--------------------------------
 4.000000 0.000000 1.000000
 1.000000 8.000000 6.000000
 0.000000 0.000000 1.000000
--------------------------------
 4.000000 0.000000 6.000000
 0.000000 9.000000 6.000000
 5.000000 7.000000 5.000000
--------------------------------
 21.000000 7.000000 29.000000
 34.000000 114.000000 84.000000
 5.000000 7.000000 5.000000
--------------------------------
570715.983221
================================
================================
teste8 - 3
--------------------------------
 1.000000 7.000000 5.000000
 0.000000 4.000000 3.000000
 3.000000 6.000000 4.000000
--------------------------------
 4.000000 7.000000 0.000000
 9.000000 2.000000 3.000000
 5.000000 1.000000 7.000000
--------------------------------
 92.000000 26.000000 56.000000
 51.000000 11.000000 33.000000
 86.000000 37.000000 46.000000
--------------------------------
-292.000000
================================
================================
teste8 - 3
--------------------------------
 1.000000 7.000000 5.000000
 0.000000 4.000000 3.000000
 3.000000 6.000000 4.000000
--------------------------------
 4.000000 7.000000 0.000000
 9.000000 2.000000 3.000000
 5.000000 1.000000 7.000000
--------------------------------
 92.000000 26.000000 56.000000
 51.000000 11.000000 33.000000
 86.000000 37.000000 46.000000
--------------------------------
-292.000000
================================
================================
teste8 - 3
--------------------------------
 1.000000 7.000000 5.000000
 0.000000 4.000000 3.000000
 3.000000 6.000000 4.000000
--------------------------------
 4.000000 7.000000 0.000000
 9.000000 2.000000 3.000000
 5.000000 1.000000 7.000000
--------------------------------
 92.000000 26.000000 56.000000
 51.000000 11.000000 33.000000
 86.000000 37.000000 46.000000
--------------------------------
-292.000000
================================
================================
teste8 - 3
--------------------------------
 1.000000 7.000000 5.000000
 0.000000 4.000000 3.000000
 3.000000 6.000000 4.000000
--------------------------------
 4.000000 7.000000 0.000000
 9.000000 2.000000 3.000000
 5.000000 1.000000 7.000000
--------------------------------
 92.000000 26.000000 56.000000
 51.000000 11.000000 33.000000
 86.000000 37.000000 46.000000
--------------------------------
nan
================================
================================
teste8 - 3
--------------------------------
 1.000000 7.000000 5.000000
 0.000000 4.000000 3.000000
 3.000000 6.000000 4.000000
--------------------------------
 4.000000 7.000000 0.000000
 9.000000 2.000000 3.000000
 5.000000 1.000000 7.000000
--------------------------------
 92.000000 26.000000 56.000000
 51.000000 11.000000 33.000000
 86.000000 37.000000 46.000000
--------------------------------
-292.000000
================================
